Android Studio/game_01/android/build/outputs/mapping/release/seeds.txt
com.mygdx.game01.AndroidLauncher
com.mygdx.game01.Drop: com.badlogic.gdx.graphics.Texture dropImage
com.mygdx.game01.Drop: long lastDropTime
com.mygdx.game01.Drop: com.badlogic.gdx.math.Rectangle bucket
com.mygdx.game01.Drop: com.badlogic.gdx.audio.Music rainMusic
com.mygdx.game01.Drop: com.badlogic.gdx.graphics.g2d.SpriteBatch batch
com.mygdx.game01.Drop: com.badlogic.gdx.audio.Sound dropSound
com.mygdx.game01.Drop: com.badlogic.gdx.graphics.Texture bucketImage
com.mygdx.game01.RedDrop: com.badlogic.gdx.math.Rectangle position
com.mygdx.game01.RedDrop: com.badlogic.gdx.graphics.Texture redDrop
com.mygdx.game01.Drop: com.badlogic.gdx.utils.Array raindrops
com.mygdx.game01.Drop: com.mygdx.game01.RedDrop redDrop
com.mygdx.game01.Drop: int pontos
com.mygdx.game01.Drop: com.badlogic.gdx.graphics.OrthographicCamera camera
com.mygdx.game01.Drop: com.badlogic.gdx.graphics.g2d.BitmapFont font
com.mygdx.game01.Drop: void render()
com.mygdx.game01.AndroidLauncher: AndroidLauncher()
com.mygdx.game01.AndroidLauncher: void onCreate(android.os.Bundle)
com.mygdx.game01.RedDrop: RedDrop()
com.mygdx.game01.RedDrop: void render(com.badlogic.gdx.graphics.g2d.SpriteBatch)
com.mygdx.game01.RedDrop: void tick()
com.mygdx.game01.Drop: void spawnRaindrop()
com.mygdx.game01.Drop: void dispose()
com.mygdx.game01.Drop: void tick()
com.mygdx.game01.Drop: void create()
com.mygdx.game01.Drop: Drop()
...
com.badlogic.gdx.graphics.Color: com.badlogic.gdx.graphics.Color LIGHT_GRAY
com.badlogic.gdx.graphics.glutils.IndexBufferObject: int bufferHandle
com.badlogic.gdx.assets.loaders.CubemapLoader$CubemapParameter: com.badlogic.gdx.graphics.Texture$TextureWrap wrapU
com.badlogic.gdx.backends.android.surfaceview.GLSurfaceView20$ConfigChooser: int mRedSize
com.badlogic.gdx.utils.Array$ArrayIterator: com.badlogic.gdx.utils.Array array
com.badlogic.gdx.graphics.GLTexture: com.badlogic.gdx.graphics.Texture$TextureFilter magFilter
com.badlogic.gdx.graphics.Mesh: boolean isInstanced
com.badlogic.gdx.graphics.g2d.BitmapFont$BitmapFontData: java.lang.String name
com.badlogic.gdx.graphics.g2d.BitmapFont$BitmapFontData: float padBottom
com.badlogic.gdx.Graphics$DisplayMode: int height
com.badlogic.gdx.utils.ObjectIntMap$MapIterator: int nextIndex
com.badlogic.gdx.backends.android.DefaultAndroidInput$1: com.badlogic.gdx.backends.android.DefaultAndroidInput this$0
com.badlogic.gdx.graphics.Color: com.badlogic.gdx.graphics.Color GRAY
com.badlogic.gdx.graphics.Pixmap: int color
com.badlogic.gdx.backends.android.AndroidGraphics: float ppiX
com.badlogic.gdx.utils.ObjectMap$Entry: java.lang.Object value
com.badlogic.gdx.backends.android.AndroidApplication: boolean isWaitingForAudio
com.badlogic.gdx.graphics.glutils.FileTextureData: com.badlogic.gdx.graphics.Pixmap pixmap
com.badlogic.gdx.assets.loaders.TextureLoader$TextureParameter: com.badlogic.gdx.graphics.Pixmap$Format format
com.badlogic.gdx.utils.ObjectMap$MapIterator: int nextIndex
com.badlogic.gdx.backends.android.AndroidApplication: int logLevel
com.badlogic.gdx.graphics.glutils.VertexArray: java.nio.ByteBuffer byteBuffer
com.badlogic.gdx.backends.android.AndroidGraphics: java.lang.Object synch
com.badlogic.gdx.backends.android.AndroidMusic: android.media.MediaPlayer player
com.badlogic.gdx.graphics.g2d.TextureRegion: float v2
com.badlogic.gdx.graphics.g2d.GlyphLayout$GlyphRun: com.badlogic.gdx.utils.FloatArray xAdvances
com.badlogic.gdx.math.Matrix4: com.badlogic.gdx.math.Vector3 l_vey
com.badlogic.gdx.graphics.glutils.ShaderProgram: int fragmentShaderHandle
com.badlogic.gdx.backends.android.DefaultAndroidInput$KeyEvent: int keyCode
com.badlogic.gdx.graphics.Texture$TextureWrap: int glEnum
com.badlogic.gdx.backends.android.AndroidGraphics: float ppcX
com.badlogic.gdx.graphics.glutils.VertexBufferObjectSubData: boolean isDirty
com.badlogic.gdx.backends.android.DefaultAndroidInput$TouchEvent: int y
com.badlogic.gdx.graphics.g2d.BitmapFont$BitmapFontData: char[] breakChars
com.badlogic.gdx.graphics.g2d.GlyphLayout$GlyphRun: com.badlogic.gdx.utils.Array glyphs
com.badlogic.gdx.backends.android.AndroidApplicationConfiguration: int touchSleepTime
com.badlogic.gdx.backends.android.AndroidApplication: com.badlogic.gdx.backends.android.AndroidAudio audio
com.badlogic.gdx.graphics.Color: com.badlogic.gdx.graphics.Color LIME
com.badlogic.gdx.math.Matrix4: com.badlogic.gdx.math.Quaternion quat
com.badlogic.gdx.graphics.Color: com.badlogic.gdx.graphics.Color GOLD
com.badlogic.gdx.graphics.g2d.BitmapFont$BitmapFontData: boolean markupEnabled
com.badlogic.gdx.backends.android.AndroidApplicationConfiguration: boolean useCompass
com.badlogic.gdx.graphics.glutils.ETC1$ETC1Data: int height
com.badlogic.gdx.graphics.g2d.BitmapFont$BitmapFontData: com.badlogic.gdx.graphics.g2d.BitmapFont$Glyph[][] glyphs
com.badlogic.gdx.graphics.g2d.BitmapFont$BitmapFontData: float lineHeight
com.badlogic.gdx.graphics.g2d.BitmapFont$BitmapFontData: com.badlogic.gdx.files.FileHandle fontFile
com.badlogic.gdx.backends.android.surfaceview.GLSurfaceView20$ConfigChooser: int EGL_OPENGL_ES2_BIT
com.badlogic.gdx.graphics.glutils.ShaderProgram: java.nio.IntBuffer intbuf
com.badlogic.gdx.utils.Pool: int max
com.badlogic.gdx.backends.android.DefaultAndroidInput$KeyEvent: int type
com.badlogic.gdx.AbstractInput: boolean keyJustPressed
com.badlogic.gdx.graphics.glutils.KTXTextureData: int glBaseInternalFormat