Android Studio/game_01/android/build/outputs/mapping/release/mapping.txt
# compiler: R8
# compiler_version: 2.2.66
# min_api: 14
# pg_map_id: 2efbd0f
# common_typos_disable
com.mygdx.game01.Drop -> com.mygdx.game01.a:
    com.badlogic.gdx.audio.Sound dropSound -> c
    long lastDropTime -> i
    com.badlogic.gdx.math.Rectangle bucket -> g
    com.badlogic.gdx.graphics.OrthographicCamera camera -> f
    int pontos -> j
    com.mygdx.game01.RedDrop redDrop -> l
    com.badlogic.gdx.graphics.g2d.BitmapFont font -> k
    com.badlogic.gdx.audio.Music rainMusic -> d
    com.badlogic.gdx.graphics.Texture bucketImage -> b
    com.badlogic.gdx.utils.Array raindrops -> h
    com.badlogic.gdx.graphics.Texture dropImage -> a
    com.badlogic.gdx.graphics.g2d.SpriteBatch batch -> e
    void dispose() -> a
    void create() -> d
    void render() -> e
    void spawnRaindrop() -> g
    void tick() -> h
com.mygdx.game01.RedDrop -> com.mygdx.game01.b:
    com.badlogic.gdx.math.Rectangle position -> b
    com.badlogic.gdx.graphics.Texture redDrop -> a
    void render(com.badlogic.gdx.graphics.g2d.SpriteBatch) -> a
    void tick() -> b
...
com.badlogic.gdx.backends.android.DefaultAndroidInput$2 -> a.a.a.q.a.w$b:
    com.badlogic.gdx.backends.android.DefaultAndroidInput this$0 -> d
    java.lang.Object newObject() -> d
    com.badlogic.gdx.backends.android.DefaultAndroidInput$TouchEvent newObject() -> g
com.badlogic.gdx.backends.android.DefaultAndroidInput$5 -> a.a.a.q.a.w$c:
    int[] $SwitchMap$com$badlogic$gdx$Input$OnscreenKeyboardType -> a
com.badlogic.gdx.backends.android.DefaultAndroidInput$KeyEvent -> a.a.a.q.a.w$d:
    long timeStamp -> a
    int type -> b
    char keyChar -> d
    int keyCode -> c
com.badlogic.gdx.backends.android.DefaultAndroidInput$SensorListener -> a.a.a.q.a.w$e:
    com.badlogic.gdx.backends.android.DefaultAndroidInput this$0 -> a
com.badlogic.gdx.backends.android.DefaultAndroidInput$TouchEvent -> a.a.a.q.a.w$f:
    int pointer -> h
    int scrollAmountY -> f
    long timeStamp -> a
    int button -> g
    int y -> d
    int scrollAmountX -> e
    int type -> b
    int x -> c
com.badlogic.gdx.backends.android.ZipResourceFile -> a.a.a.q.a.x:
com.badlogic.gdx.backends.android.surfaceview.FillResolutionStrategy -> a.a.a.q.a.y.a:
    com.badlogic.gdx.backends.android.surfaceview.ResolutionStrategy$MeasuredDimension calcMeasures(int,int) -> a
com.badlogic.gdx.backends.android.surfaceview.GLSurfaceView20 -> a.a.a.q.a.y.b:
    com.badlogic.gdx.backends.android.surfaceview.ResolutionStrategy resolutionStrategy -> c
    java.lang.String TAG -> a
    int targetGLESVersion -> b
    com.badlogic.gdx.Input$OnscreenKeyboardType onscreenKeyboardType -> d
    boolean checkEglError(java.lang.String,javax.microedition.khronos.egl.EGL10) -> a
    void init(boolean,int,int) -> b
com.badlogic.gdx.backends.android.surfaceview.GLSurfaceView20$1 -> a.a.a.q.a.y.b$a:
    com.badlogic.gdx.backends.android.surfaceview.GLSurfaceView20 this$0 -> a
    void sendDownUpKeyEventForBackwardCompatibility(int) -> a
com.badlogic.gdx.backends.android.surfaceview.GLSurfaceView20$ConfigChooser -> a.a.a.q.a.y.b$b:
    int[] mValue -> h
    int mDepthSize -> f
    int mStencilSize -> g
    int mBlueSize -> d
    int[] s_configAttribs2 -> a
    int mAlphaSize -> e
    int mRedSize -> b
    int mGreenSize -> c
    javax.microedition.khronos.egl.EGLConfig chooseConfig(javax.microedition.khronos.egl.EGL10,javax.microedition.khronos.egl.EGLDisplay,javax.microedition.khronos.egl.EGLConfig[]) -> a
    int findConfigAttrib(javax.microedition.khronos.egl.EGL10,javax.microedition.khronos.egl.EGLDisplay,javax.microedition.khronos.egl.EGLConfig,int,int) -> b
com.badlogic.gdx.backends.android.surfaceview.GLSurfaceView20$ContextFactory -> a.a.a.q.a.y.b$c:
    int EGL_CONTEXT_CLIENT_VERSION -> a
com.badlogic.gdx.backends.android.surfaceview.GdxEglConfigChooser -> a.a.a.q.a.y.c:
    int[] mConfigAttribs -> h
    int[] mValue -> i
    int mStencilSize -> f
    int mNumSamples -> g
    int mAlphaSize -> d
    int mDepthSize -> e
    int mGreenSize -> b
    int mBlueSize -> c
    int mRedSize -> a
    javax.microedition.khronos.egl.EGLConfig chooseConfig(javax.microedition.khronos.egl.EGL10,javax.microedition.khronos.egl.EGLDisplay,javax.microedition.khronos.egl.EGLConfig[]) -> a
    int findConfigAttrib(javax.microedition.khronos.egl.EGL10,javax.microedition.khronos.egl.EGLDisplay,javax.microedition.khronos.egl.EGLConfig,int,int) -> b
com.badlogic.gdx.backends.android.surfaceview.ResolutionStrategy -> a.a.a.q.a.y.d:
    com.badlogic.gdx.backends.android.surfaceview.ResolutionStrategy$MeasuredDimension calcMeasures(int,int) -> a
com.badlogic.gdx.backends.android.surfaceview.ResolutionStrategy$MeasuredDimension -> a.a.a.q.a.y.d$a:
    int height -> b
    int width -> a