Android Studio/game_01/android/build/outputs/mapping/release/usage.txt
com.mygdx.game01.BuildConfig
com.mygdx.game01.R$color
com.mygdx.game01.R$drawable
com.mygdx.game01.R$string
com.mygdx.game01.R$style
com.mygdx.game01.R
...
com.badlogic.gdx.physics.box2d.joints.RevoluteJointDef
com.badlogic.gdx.physics.box2d.joints.RopeJoint
com.badlogic.gdx.physics.box2d.joints.RopeJointDef
com.badlogic.gdx.physics.box2d.joints.WeldJoint
com.badlogic.gdx.physics.box2d.joints.WeldJointDef
com.badlogic.gdx.physics.box2d.joints.WheelJoint
com.badlogic.gdx.physics.box2d.joints.WheelJointDef
com.badlogic.gdx.scenes.scene2d.Action
com.badlogic.gdx.scenes.scene2d.Actor
com.badlogic.gdx.scenes.scene2d.Event
com.badlogic.gdx.scenes.scene2d.EventListener
com.badlogic.gdx.scenes.scene2d.Group
com.badlogic.gdx.scenes.scene2d.InputEvent$Type
com.badlogic.gdx.scenes.scene2d.InputEvent
com.badlogic.gdx.scenes.scene2d.InputListener$1
com.badlogic.gdx.scenes.scene2d.InputListener
com.badlogic.gdx.scenes.scene2d.Stage$TouchFocus
com.badlogic.gdx.scenes.scene2d.Stage
com.badlogic.gdx.scenes.scene2d.Touchable
com.badlogic.gdx.scenes.scene2d.actions.Actions
com.badlogic.gdx.scenes.scene2d.actions.AddAction
com.badlogic.gdx.scenes.scene2d.actions.AddListenerAction
com.badlogic.gdx.scenes.scene2d.actions.AfterAction
com.badlogic.gdx.scenes.scene2d.actions.AlphaAction
com.badlogic.gdx.scenes.scene2d.actions.ColorAction
com.badlogic.gdx.scenes.scene2d.actions.CountdownEventAction
com.badlogic.gdx.scenes.scene2d.actions.DelayAction
com.badlogic.gdx.scenes.scene2d.actions.DelegateAction
com.badlogic.gdx.scenes.scene2d.actions.EventAction$1
com.badlogic.gdx.scenes.scene2d.actions.EventAction
com.badlogic.gdx.scenes.scene2d.actions.FloatAction
com.badlogic.gdx.scenes.scene2d.actions.IntAction
com.badlogic.gdx.scenes.scene2d.actions.LayoutAction
com.badlogic.gdx.scenes.scene2d.actions.MoveByAction
com.badlogic.gdx.scenes.scene2d.actions.MoveToAction
com.badlogic.gdx.scenes.scene2d.actions.ParallelAction
com.badlogic.gdx.scenes.scene2d.actions.RelativeTemporalAction
com.badlogic.gdx.scenes.scene2d.actions.RemoveAction
com.badlogic.gdx.scenes.scene2d.actions.RemoveActorAction
com.badlogic.gdx.scenes.scene2d.actions.RemoveListenerAction
com.badlogic.gdx.scenes.scene2d.actions.RepeatAction
com.badlogic.gdx.scenes.scene2d.actions.RotateByAction
com.badlogic.gdx.scenes.scene2d.actions.RotateToAction
com.badlogic.gdx.scenes.scene2d.actions.RunnableAction
com.badlogic.gdx.scenes.scene2d.actions.ScaleByAction
com.badlogic.gdx.scenes.scene2d.actions.ScaleToAction
com.badlogic.gdx.scenes.scene2d.actions.SequenceAction
com.badlogic.gdx.scenes.scene2d.actions.SizeByAction
com.badlogic.gdx.scenes.scene2d.actions.SizeToAction
com.badlogic.gdx.scenes.scene2d.actions.TemporalAction
com.badlogic.gdx.scenes.scene2d.actions.TimeScaleAction
com.badlogic.gdx.scenes.scene2d.actions.TouchableAction
com.badlogic.gdx.scenes.scene2d.actions.VisibleAction
com.badlogic.gdx.scenes.scene2d.ui.Button$1
com.badlogic.gdx.scenes.scene2d.ui.Button$ButtonStyle
com.badlogic.gdx.scenes.scene2d.ui.Button
com.badlogic.gdx.scenes.scene2d.ui.ButtonGroup
com.badlogic.gdx.scenes.scene2d.ui.Cell
com.badlogic.gdx.scenes.scene2d.ui.CheckBox$CheckBoxStyle
com.badlogic.gdx.scenes.scene2d.ui.CheckBox
com.badlogic.gdx.scenes.scene2d.ui.Container
com.badlogic.gdx.scenes.scene2d.ui.Dialog$1
com.badlogic.gdx.scenes.scene2d.ui.Dialog$2
com.badlogic.gdx.scenes.scene2d.ui.Dialog$3
com.badlogic.gdx.scenes.scene2d.ui.Dialog$4$1
com.badlogic.gdx.scenes.scene2d.ui.Dialog$4
com.badlogic.gdx.scenes.scene2d.ui.Dialog
com.badlogic.gdx.scenes.scene2d.ui.HorizontalGroup
com.badlogic.gdx.scenes.scene2d.ui.Image
com.badlogic.gdx.scenes.scene2d.ui.ImageButton$ImageButtonStyle
com.badlogic.gdx.scenes.scene2d.ui.ImageButton
com.badlogic.gdx.scenes.scene2d.ui.ImageTextButton$ImageTextButtonStyle
com.badlogic.gdx.scenes.scene2d.ui.ImageTextButton
com.badlogic.gdx.scenes.scene2d.ui.Label$LabelStyle
com.badlogic.gdx.scenes.scene2d.ui.Label
com.badlogic.gdx.scenes.scene2d.ui.List$1
com.badlogic.gdx.scenes.scene2d.ui.List$2
com.badlogic.gdx.scenes.scene2d.ui.List$ListStyle
com.badlogic.gdx.scenes.scene2d.ui.List
com.badlogic.gdx.scenes.scene2d.ui.ParticleEffectActor